2022.02.25 04:03:51 INFO  tracing is disabled for protocol LSP, to enable tracing of incoming and outgoing JSON messages create an empty file at c:\Users\Liptee\Desktop\MyBD\.metals\lsp.trace.json or C:\Users\Liptee\AppData\Local\scalameta\metals\cache\lsp.trace.json
2022.02.25 04:03:52 INFO  logging to file C:\Users\Liptee\Desktop\MyBD\.metals\metals.log
2022.02.25 04:03:52 INFO  Started: Metals version 0.11.1 in workspace 'C:\Users\Liptee\Desktop\MyBD' for client Visual Studio Code 1.64.2.
2022.02.25 04:03:52 INFO  Parse release: 1.8.0_202
2022.02.25 04:03:54 INFO  time: initialize in 2.13s
2022.02.25 04:03:55 WARN  Build server is not auto-connectable.
2022.02.25 04:03:55 WARN  no build tool detected in workspace 'C:\Users\Liptee\Desktop\MyBD'. The most common cause for this problem is that the editor was opened in the wrong working directory, for example if you use sbt then the workspace directory should contain build.sbt. 
2022.02.25 04:03:55 WARN  no build target for: C:\Users\Liptee\Desktop\MyBD\scala\HelloWorldApp.scala
фев 25, 2022 4:03:55 AM org.eclipse.lsp4j.jsonrpc.RemoteEndpoint fallbackResponseError
SEVERE: Internal error: scala.meta.internal.metals.debug.BuildTargetNotFoundForPathException: No build target could be found for the path: C:\Users\Liptee\Desktop\MyBD\scala\HelloWorldApp.scala
java.util.concurrent.CompletionException: scala.meta.internal.metals.debug.BuildTargetNotFoundForPathException: No build target could be found for the path: C:\Users\Liptee\Desktop\MyBD\scala\HelloWorldApp.scala
	at java.util.concurrent.CompletableFuture.encodeThrowable(CompletableFuture.java:292)
	at java.util.concurrent.CompletableFuture.completeThrowable(CompletableFuture.java:308)
	at java.util.concurrent.CompletableFuture.uniAccept(CompletableFuture.java:647)
	at java.util.concurrent.CompletableFuture$UniAccept.tryFire(CompletableFuture.java:632)
	at java.util.concurrent.CompletableFuture.uniAcceptStage(CompletableFuture.java:672)
	at java.util.concurrent.CompletableFuture.thenAcceptAsync(CompletableFuture.java:2001)
	at scala.concurrent.java8.FuturesConvertersImpl$CF.thenAccept(FutureConvertersImpl.scala:37)
	at org.eclipse.lsp4j.jsonrpc.RemoteEndpoint.handleRequest(RemoteEndpoint.java:279)
	at org.eclipse.lsp4j.jsonrpc.RemoteEndpoint.consume(RemoteEndpoint.java:190)
	at org.eclipse.lsp4j.jsonrpc.json.StreamMessageProducer.handleMessage(StreamMessageProducer.java:194)
	at org.eclipse.lsp4j.jsonrpc.json.StreamMessageProducer.listen(StreamMessageProducer.java:94)
	at org.eclipse.lsp4j.jsonrpc.json.ConcurrentMessageProcessor.run(ConcurrentMessageProcessor.java:113)
	at java.util.concurrent.Executors$RunnableAdapter.call(Executors.java:511)
	at java.util.concurrent.FutureTask.run(FutureTask.java:266)
	at java.util.concurrent.ThreadPoolExecutor.runWorker(ThreadPoolExecutor.java:1149)
	at java.util.concurrent.ThreadPoolExecutor$Worker.run(ThreadPoolExecutor.java:624)
	at java.lang.Thread.run(Thread.java:748)
Caused by: scala.meta.internal.metals.debug.BuildTargetNotFoundForPathException: No build target could be found for the path: C:\Users\Liptee\Desktop\MyBD\scala\HelloWorldApp.scala
	at scala.meta.internal.metals.debug.DebugProvider.debugDiscovery(DebugProvider.scala:365)
	at scala.meta.internal.metals.MetalsLanguageServer.executeCommand(MetalsLanguageServer.scala:1777)
	at sun.reflect.NativeMethodAccessorImpl.invoke0(Native Method)
	at sun.reflect.NativeMethodAccessorImpl.invoke(NativeMethodAccessorImpl.java:62)
	at sun.reflect.DelegatingMethodAccessorImpl.invoke(DelegatingMethodAccessorImpl.java:43)
	at java.lang.reflect.Method.invoke(Method.java:498)
	at org.eclipse.lsp4j.jsonrpc.services.GenericEndpoint.lambda$null$0(GenericEndpoint.java:65)
	at org.eclipse.lsp4j.jsonrpc.services.GenericEndpoint.request(GenericEndpoint.java:120)
	at org.eclipse.lsp4j.jsonrpc.RemoteEndpoint.handleRequest(RemoteEndpoint.java:261)
	... 9 more

2022.02.25 04:04:01 INFO  shutting down Metals
2022.02.25 04:04:02 INFO  no build target found for C:\Users\Liptee\Desktop\MyBD\scala\HelloWorldApp.scala. Using presentation compiler with project's scala-library version: 3.1.0
2022.02.25 04:04:16 INFO  tracing is disabled for protocol LSP, to enable tracing of incoming and outgoing JSON messages create an empty file at c:\Users\Liptee\Desktop\MyBD\.metals\lsp.trace.json or C:\Users\Liptee\AppData\Local\scalameta\metals\cache\lsp.trace.json
2022.02.25 04:04:18 INFO  logging to file C:\Users\Liptee\Desktop\MyBD\.metals\metals.log
2022.02.25 04:04:18 INFO  Started: Metals version 0.11.1 in workspace 'C:\Users\Liptee\Desktop\MyBD' for client Visual Studio Code 1.64.2.
2022.02.25 04:04:18 INFO  Parse release: 1.8.0_202
2022.02.25 04:04:19 INFO  time: initialize in 1s
2022.02.25 04:04:25 WARN  Build server is not auto-connectable.
2022.02.25 04:04:25 WARN  no build tool detected in workspace 'C:\Users\Liptee\Desktop\MyBD'. The most common cause for this problem is that the editor was opened in the wrong working directory, for example if you use sbt then the workspace directory should contain build.sbt. 
2022.02.25 04:04:26 WARN  no build target for: C:\Users\Liptee\Desktop\MyBD\scala\HelloWorldApp.scala
2022.02.25 04:04:28 INFO  no build target found for C:\Users\Liptee\Desktop\MyBD\scala\HelloWorldApp.scala. Using presentation compiler with project's scala-library version: 3.1.0
2022.02.25 04:04:29 INFO  time: code lens generation in 2.69s
2022.02.25 04:05:02 WARN  no build target for: C:\Users\Liptee\Desktop\MyBD\scala\hello-world\HelloWorldApp.scala
2022.02.25 04:05:03 INFO  
2022.02.25 04:05:03 INFO  Template applied in C:\Users\Liptee\Desktop\MyBD\scala\.\hello-world
2022.02.25 04:05:03 INFO  
2022.02.25 04:05:03 INFO  time: ran 'giter8.Giter8' in 5.43s
2022.02.25 04:06:16 ERROR text document: file:///c:/Users/Liptee/Desktop/MyBD/scala/hello-world/HelloWorldApp.scala
java.nio.file.NoSuchFileException: c:\Users\Liptee\Desktop\MyBD\scala\hello-world\HelloWorldApp.scala
	at sun.nio.fs.WindowsException.translateToIOException(WindowsException.java:79)
	at sun.nio.fs.WindowsException.rethrowAsIOException(WindowsException.java:97)
	at sun.nio.fs.WindowsException.rethrowAsIOException(WindowsException.java:102)
	at sun.nio.fs.WindowsFileSystemProvider.newByteChannel(WindowsFileSystemProvider.java:230)
	at java.nio.file.Files.newByteChannel(Files.java:361)
	at java.nio.file.Files.newByteChannel(Files.java:407)
	at java.nio.file.Files.readAllBytes(Files.java:3152)
	at scala.meta.internal.io.PlatformFileIO$.slurp(PlatformFileIO.scala:45)
	at scala.meta.internal.io.FileIO$.slurp(FileIO.scala:24)
	at scala.meta.internal.metals.InteractiveSemanticdbs.$anonfun$textDocument$2(InteractiveSemanticdbs.scala:90)
	at scala.Option.getOrElse(Option.scala:189)
	at scala.meta.internal.metals.InteractiveSemanticdbs.$anonfun$textDocument$1(InteractiveSemanticdbs.scala:90)
	at java.util.HashMap.compute(HashMap.java:1197)
	at java.util.Collections$SynchronizedMap.compute(Collections.java:2682)
	at scala.meta.internal.metals.InteractiveSemanticdbs.textDocument(InteractiveSemanticdbs.scala:89)
	at scala.meta.internal.metals.InteractiveSemanticdbs.textDocument(InteractiveSemanticdbs.scala:63)
	at scala.meta.internal.metals.AggregateSemanticdbs.loop$1(AggregateSemanticdbs.scala:30)
	at scala.meta.internal.metals.AggregateSemanticdbs.textDocument(AggregateSemanticdbs.scala:36)
	at scala.meta.internal.metals.CodeLensProvider.findLenses(CodeLensProvider.scala:22)
	at scala.meta.internal.metals.MetalsLanguageServer.$anonfun$codeLens$2(MetalsLanguageServer.scala:1605)
	at scala.meta.internal.metals.TimerProvider.timedThunk(TimerProvider.scala:25)
	at scala.meta.internal.metals.MetalsLanguageServer.$anonfun$codeLens$1(MetalsLanguageServer.scala:1603)
	at scala.meta.internal.metals.CancelTokens$.$anonfun$apply$2(CancelTokens.scala:26)
	at scala.concurrent.Future$.$anonfun$apply$1(Future.scala:659)
	at scala.util.Success.$anonfun$map$1(Try.scala:255)
	at scala.util.Success.map(Try.scala:213)
	at scala.concurrent.Future.$anonfun$map$1(Future.scala:292)
	at scala.concurrent.impl.Promise.liftedTree1$1(Promise.scala:33)
	at scala.concurrent.impl.Promise.$anonfun$transform$1(Promise.scala:33)
	at scala.concurrent.impl.CallbackRunnable.run(Promise.scala:64)
	at java.util.concurrent.ThreadPoolExecutor.runWorker(ThreadPoolExecutor.java:1149)
	at java.util.concurrent.ThreadPoolExecutor$Worker.run(ThreadPoolExecutor.java:624)
	at java.lang.Thread.run(Thread.java:748)

2022.02.25 04:06:17 INFO  shutting down Metals
